<?xml version="1.0" encoding="UTF-8"?>
<!-- Generated by org.testng.reporters.JUnitReportReporter -->
<testsuite hostname="PPD-0202000478" name="com.ppdai.TestCases.Test2" tests="2" failures="0" timestamp="11 Dec 2017 07:47:46 GMT" time="0.008" errors="0">
  <testcase name="test2" time="0.001" classname="com.ppdai.TestCases.Test2"/>
  <testcase name="test1" time="0.007" classname="com.ppdai.TestCases.Test2"/>
</testsuite> <!-- com.ppdai.TestCases.Test2 -->
